<?xml version="1.0" encoding="UTF-8"?>
<!-- Generated by org.testng.reporters.JUnitReportReporter -->
<testsuite hostname="DESKTOP-8JODMH0" failures="0" tests="1" name="testcases.FirstTest" time="6.130" errors="0" timestamp="2023-07-26T18:52:40 CEST" skipped="0">
  <testcase classname="testcases.FirstTest" name="validateRememberMeCheckboxTextSelectedByDefault" time="6.130"/>
</testsuite> <!-- testcases.FirstTest -->
